[INFO  - 2017-05-09T02:10:11.787Z] GhostDriver - Main - running on port 9582
[INFO  - 2017-05-09T02:10:13.441Z] Session [a2fcedd0-345c-11e7-8568-dd3eb250caa1] - page.settings - {"XSSAuditingEnabled":false,"javascriptCanCloseWindows":true,"javascriptCanOpenWindows":true,"javascriptEnabled":true,"loadImages":true,"localToRemoteUrlAccessEnabled":false,"userAgent":"Mozilla/5.0 (Windows NT 6.1; WOW64) AppleWebKit/538.1 (KHTML, like Gecko) PhantomJS/2.1.1 Safari/538.1","webSecurityEnabled":true}
[INFO  - 2017-05-09T02:10:13.441Z] Session [a2fcedd0-345c-11e7-8568-dd3eb250caa1] - page.customHeaders:  - {}
[INFO  - 2017-05-09T02:10:13.442Z] Session [a2fcedd0-345c-11e7-8568-dd3eb250caa1] - Session.negotiatedCapabilities - {"browserName":"phantomjs","version":"2.1.1","driverName":"ghostdriver","driverVersion":"1.2.0","platform":"windows-7-32bit","javascriptEnabled":true,"takesScreenshot":true,"handlesAlerts":false,"databaseEnabled":false,"locationContextEnabled":false,"applicationCacheEnabled":false,"browserConnectionEnabled":false,"cssSelectorsEnabled":true,"webStorageEnabled":false,"rotatable":false,"acceptSslCerts":false,"nativeEvents":true,"proxy":{"proxyType":"direct"}}
[INFO  - 2017-05-09T02:10:13.443Z] SessionManagerReqHand - _postNewSessionCommand - New Session Created: a2fcedd0-345c-11e7-8568-dd3eb250caa1
[INFO  - 2017-05-09T02:10:36.031Z] ShutdownReqHand - _handle - About to shutdown
[INFO  - 2017-05-09T02:11:26.756Z] GhostDriver - Main - running on port 47924
[INFO  - 2017-05-09T02:11:27.134Z] Session [ceeaf630-345c-11e7-86ca-6306226c3e21] - page.settings - {"XSSAuditingEnabled":false,"javascriptCanCloseWindows":true,"javascriptCanOpenWindows":true,"javascriptEnabled":true,"loadImages":true,"localToRemoteUrlAccessEnabled":false,"userAgent":"Mozilla/5.0 (Windows NT 6.1; WOW64) AppleWebKit/538.1 (KHTML, like Gecko) PhantomJS/2.1.1 Safari/538.1","webSecurityEnabled":true}
[INFO  - 2017-05-09T02:11:27.134Z] Session [ceeaf630-345c-11e7-86ca-6306226c3e21] - page.customHeaders:  - {}
[INFO  - 2017-05-09T02:11:27.134Z] Session [ceeaf630-345c-11e7-86ca-6306226c3e21] - Session.negotiatedCapabilities - {"browserName":"phantomjs","version":"2.1.1","driverName":"ghostdriver","driverVersion":"1.2.0","platform":"windows-7-32bit","javascriptEnabled":true,"takesScreenshot":true,"handlesAlerts":false,"databaseEnabled":false,"locationContextEnabled":false,"applicationCacheEnabled":false,"browserConnectionEnabled":false,"cssSelectorsEnabled":true,"webStorageEnabled":false,"rotatable":false,"acceptSslCerts":false,"nativeEvents":true,"proxy":{"proxyType":"direct"}}
[INFO  - 2017-05-09T02:11:27.135Z] SessionManagerReqHand - _postNewSessionCommand - New Session Created: ceeaf630-345c-11e7-86ca-6306226c3e21
[INFO  - 2017-05-09T02:11:48.266Z] ShutdownReqHand - _handle - About to shutdown
[INFO  - 2017-05-09T03:19:44.832Z] GhostDriver - Main - running on port 14526
[INFO  - 2017-05-09T03:19:45.188Z] Session [598caeb0-3466-11e7-9291-6716c56041ba] - page.settings - {"XSSAuditingEnabled":false,"javascriptCanCloseWindows":true,"javascriptCanOpenWindows":true,"javascriptEnabled":true,"loadImages":true,"localToRemoteUrlAccessEnabled":false,"userAgent":"Mozilla/5.0 (Windows NT 6.1; WOW64) AppleWebKit/538.1 (KHTML, like Gecko) PhantomJS/2.1.1 Safari/538.1","webSecurityEnabled":true}
[INFO  - 2017-05-09T03:19:45.188Z] Session [598caeb0-3466-11e7-9291-6716c56041ba] - page.customHeaders:  - {}
[INFO  - 2017-05-09T03:19:45.188Z] Session [598caeb0-3466-11e7-9291-6716c56041ba] - Session.negotiatedCapabilities - {"browserName":"phantomjs","version":"2.1.1","driverName":"ghostdriver","driverVersion":"1.2.0","platform":"windows-7-32bit","javascriptEnabled":true,"takesScreenshot":true,"handlesAlerts":false,"databaseEnabled":false,"locationContextEnabled":false,"applicationCacheEnabled":false,"browserConnectionEnabled":false,"cssSelectorsEnabled":true,"webStorageEnabled":false,"rotatable":false,"acceptSslCerts":false,"nativeEvents":true,"proxy":{"proxyType":"direct"}}
[INFO  - 2017-05-09T03:19:45.188Z] SessionManagerReqHand - _postNewSessionCommand - New Session Created: 598caeb0-3466-11e7-9291-6716c56041ba
[INFO  - 2017-05-09T03:20:11.756Z] ShutdownReqHand - _handle - About to shutdown
[INFO  - 2017-05-09T03:20:34.566Z] GhostDriver - Main - running on port 16930
[INFO  - 2017-05-09T03:20:35.738Z] Session [77ad15b0-3466-11e7-bda7-75469de874c3] - page.settings - {"XSSAuditingEnabled":false,"javascriptCanCloseWindows":true,"javascriptCanOpenWindows":true,"javascriptEnabled":true,"loadImages":true,"localToRemoteUrlAccessEnabled":false,"userAgent":"Mozilla/5.0 (Windows NT 6.1; WOW64) AppleWebKit/538.1 (KHTML, like Gecko) PhantomJS/2.1.1 Safari/538.1","webSecurityEnabled":true}
[INFO  - 2017-05-09T03:20:35.738Z] Session [77ad15b0-3466-11e7-bda7-75469de874c3] - page.customHeaders:  - {}
[INFO  - 2017-05-09T03:20:35.739Z] Session [77ad15b0-3466-11e7-bda7-75469de874c3] - Session.negotiatedCapabilities - {"browserName":"phantomjs","version":"2.1.1","driverName":"ghostdriver","driverVersion":"1.2.0","platform":"windows-7-32bit","javascriptEnabled":true,"takesScreenshot":true,"handlesAlerts":false,"databaseEnabled":false,"locationContextEnabled":false,"applicationCacheEnabled":false,"browserConnectionEnabled":false,"cssSelectorsEnabled":true,"webStorageEnabled":false,"rotatable":false,"acceptSslCerts":false,"nativeEvents":true,"proxy":{"proxyType":"direct"}}
[INFO  - 2017-05-09T03:20:35.739Z] SessionManagerReqHand - _postNewSessionCommand - New Session Created: 77ad15b0-3466-11e7-bda7-75469de874c3
[INFO  - 2017-05-09T03:21:00.247Z] ShutdownReqHand - _handle - About to shutdown
[INFO  - 2017-05-09T13:06:01.287Z] GhostDriver - Main - running on port 33533
[INFO  - 2017-05-09T13:06:02.449Z] Session [40d35cf0-34b8-11e7-a5c9-5f9d1f183355] - page.settings - {"XSSAuditingEnabled":false,"javascriptCanCloseWindows":true,"javascriptCanOpenWindows":true,"javascriptEnabled":true,"loadImages":true,"localToRemoteUrlAccessEnabled":false,"userAgent":"Mozilla/5.0 (Windows NT 6.1; WOW64) AppleWebKit/538.1 (KHTML, like Gecko) PhantomJS/2.1.1 Safari/538.1","webSecurityEnabled":true}
[INFO  - 2017-05-09T13:06:02.449Z] Session [40d35cf0-34b8-11e7-a5c9-5f9d1f183355] - page.customHeaders:  - {}
[INFO  - 2017-05-09T13:06:02.450Z] Session [40d35cf0-34b8-11e7-a5c9-5f9d1f183355] - Session.negotiatedCapabilities - {"browserName":"phantomjs","version":"2.1.1","driverName":"ghostdriver","driverVersion":"1.2.0","platform":"windows-7-32bit","javascriptEnabled":true,"takesScreenshot":true,"handlesAlerts":false,"databaseEnabled":false,"locationContextEnabled":false,"applicationCacheEnabled":false,"browserConnectionEnabled":false,"cssSelectorsEnabled":true,"webStorageEnabled":false,"rotatable":false,"acceptSslCerts":false,"nativeEvents":true,"proxy":{"proxyType":"direct"}}
[INFO  - 2017-05-09T13:06:02.451Z] SessionManagerReqHand - _postNewSessionCommand - New Session Created: 40d35cf0-34b8-11e7-a5c9-5f9d1f183355
[INFO  - 2017-05-09T13:06:25.830Z] ShutdownReqHand - _handle - About to shutdown
[INFO  - 2017-05-09T13:11:51.808Z] GhostDriver - Main - running on port 15354
[INFO  - 2017-05-09T13:11:53.060Z] Session [11ced050-34b9-11e7-8392-b3202ebd0cda] - page.settings - {"XSSAuditingEnabled":false,"javascriptCanCloseWindows":true,"javascriptCanOpenWindows":true,"javascriptEnabled":true,"loadImages":true,"localToRemoteUrlAccessEnabled":false,"userAgent":"Mozilla/5.0 (Windows NT 6.1; WOW64) AppleWebKit/538.1 (KHTML, like Gecko) PhantomJS/2.1.1 Safari/538.1","webSecurityEnabled":true}
[INFO  - 2017-05-09T13:11:53.061Z] Session [11ced050-34b9-11e7-8392-b3202ebd0cda] - page.customHeaders:  - {}
[INFO  - 2017-05-09T13:11:53.062Z] Session [11ced050-34b9-11e7-8392-b3202ebd0cda] - Session.negotiatedCapabilities - {"browserName":"phantomjs","version":"2.1.1","driverName":"ghostdriver","driverVersion":"1.2.0","platform":"windows-7-32bit","javascriptEnabled":true,"takesScreenshot":true,"handlesAlerts":false,"databaseEnabled":false,"locationContextEnabled":false,"applicationCacheEnabled":false,"browserConnectionEnabled":false,"cssSelectorsEnabled":true,"webStorageEnabled":false,"rotatable":false,"acceptSslCerts":false,"nativeEvents":true,"proxy":{"proxyType":"direct"}}
[INFO  - 2017-05-09T13:11:53.062Z] SessionManagerReqHand - _postNewSessionCommand - New Session Created: 11ced050-34b9-11e7-8392-b3202ebd0cda
[INFO  - 2017-05-09T13:12:16.546Z] ShutdownReqHand - _handle - About to shutdown
[INFO  - 2017-05-09T13:14:11.609Z] GhostDriver - Main - running on port 15786
[INFO  - 2017-05-09T13:14:13.032Z] Session [653c1540-34b9-11e7-81fc-b55dfaf60d8f] - page.settings - {"XSSAuditingEnabled":false,"javascriptCanCloseWindows":true,"javascriptCanOpenWindows":true,"javascriptEnabled":true,"loadImages":true,"localToRemoteUrlAccessEnabled":false,"userAgent":"Mozilla/5.0 (Windows NT 6.1; WOW64) AppleWebKit/538.1 (KHTML, like Gecko) PhantomJS/2.1.1 Safari/538.1","webSecurityEnabled":true}
[INFO  - 2017-05-09T13:14:13.033Z] Session [653c1540-34b9-11e7-81fc-b55dfaf60d8f] - page.customHeaders:  - {}
[INFO  - 2017-05-09T13:14:13.033Z] Session [653c1540-34b9-11e7-81fc-b55dfaf60d8f] - Session.negotiatedCapabilities - {"browserName":"phantomjs","version":"2.1.1","driverName":"ghostdriver","driverVersion":"1.2.0","platform":"windows-7-32bit","javascriptEnabled":true,"takesScreenshot":true,"handlesAlerts":false,"databaseEnabled":false,"locationContextEnabled":false,"applicationCacheEnabled":false,"browserConnectionEnabled":false,"cssSelectorsEnabled":true,"webStorageEnabled":false,"rotatable":false,"acceptSslCerts":false,"nativeEvents":true,"proxy":{"proxyType":"direct"}}
[INFO  - 2017-05-09T13:14:13.034Z] SessionManagerReqHand - _postNewSessionCommand - New Session Created: 653c1540-34b9-11e7-81fc-b55dfaf60d8f
[INFO  - 2017-05-09T13:19:11.597Z] SessionManagerReqHand - _cleanupWindowlessSessions - Asynchronous Sessions clean-up phase starting NOW
[INFO  - 2017-05-09T13:24:11.779Z] SessionManagerReqHand - _cleanupWindowlessSessions - Asynchronous Sessions clean-up phase starting NOW
[INFO  - 2017-05-09T13:29:11.800Z] SessionManagerReqHand - _cleanupWindowlessSessions - Asynchronous Sessions clean-up phase starting NOW
[INFO  - 2017-05-09T13:34:11.760Z] SessionManagerReqHand - _cleanupWindowlessSessions - Asynchronous Sessions clean-up phase starting NOW
[INFO  - 2017-05-09T13:39:11.760Z] SessionManagerReqHand - _cleanupWindowlessSessions - Asynchronous Sessions clean-up phase starting NOW
[INFO  - 2017-05-09T13:44:11.744Z] SessionManagerReqHand - _cleanupWindowlessSessions - Asynchronous Sessions clean-up phase starting NOW
[INFO  - 2017-05-09T16:10:06.604Z] SessionManagerReqHand - _cleanupWindowlessSessions - Asynchronous Sessions clean-up phase starting NOW
[INFO  - 2017-05-17T06:52:59.208Z] GhostDriver - Main - running on port 46564
[INFO  - 2017-05-17T06:52:59.935Z] Session [771dd540-3acd-11e7-b8ac-015d3ad3b549] - page.settings - {"XSSAuditingEnabled":false,"javascriptCanCloseWindows":true,"javascriptCanOpenWindows":true,"javascriptEnabled":true,"loadImages":true,"localToRemoteUrlAccessEnabled":false,"userAgent":"Mozilla/5.0 (Windows NT 6.1; WOW64) AppleWebKit/538.1 (KHTML, like Gecko) PhantomJS/2.1.1 Safari/538.1","webSecurityEnabled":true}
[INFO  - 2017-05-17T06:52:59.936Z] Session [771dd540-3acd-11e7-b8ac-015d3ad3b549] - page.customHeaders:  - {}
[INFO  - 2017-05-17T06:52:59.936Z] Session [771dd540-3acd-11e7-b8ac-015d3ad3b549] - Session.negotiatedCapabilities - {"browserName":"phantomjs","version":"2.1.1","driverName":"ghostdriver","driverVersion":"1.2.0","platform":"windows-7-32bit","javascriptEnabled":true,"takesScreenshot":true,"handlesAlerts":false,"databaseEnabled":false,"locationContextEnabled":false,"applicationCacheEnabled":false,"browserConnectionEnabled":false,"cssSelectorsEnabled":true,"webStorageEnabled":false,"rotatable":false,"acceptSslCerts":false,"nativeEvents":true,"proxy":{"proxyType":"direct"}}
[INFO  - 2017-05-17T06:52:59.937Z] SessionManagerReqHand - _postNewSessionCommand - New Session Created: 771dd540-3acd-11e7-b8ac-015d3ad3b549
[INFO  - 2017-05-17T06:53:17.856Z] ShutdownReqHand - _handle - About to shutdown
[INFO  - 2017-05-17T09:03:03.061Z] GhostDriver - Main - running on port 39265
[INFO  - 2017-05-17T09:03:03.585Z] Session [a274a180-3adf-11e7-9309-e78091a847be] - page.settings - {"XSSAuditingEnabled":false,"javascriptCanCloseWindows":true,"javascriptCanOpenWindows":true,"javascriptEnabled":true,"loadImages":true,"localToRemoteUrlAccessEnabled":false,"userAgent":"Mozilla/5.0 (Windows NT 6.1; WOW64) AppleWebKit/538.1 (KHTML, like Gecko) PhantomJS/2.1.1 Safari/538.1","webSecurityEnabled":true}
[INFO  - 2017-05-17T09:03:03.585Z] Session [a274a180-3adf-11e7-9309-e78091a847be] - page.customHeaders:  - {}
[INFO  - 2017-05-17T09:03:03.585Z] Session [a274a180-3adf-11e7-9309-e78091a847be] - Session.negotiatedCapabilities - {"browserName":"phantomjs","version":"2.1.1","driverName":"ghostdriver","driverVersion":"1.2.0","platform":"windows-7-32bit","javascriptEnabled":true,"takesScreenshot":true,"handlesAlerts":false,"databaseEnabled":false,"locationContextEnabled":false,"applicationCacheEnabled":false,"browserConnectionEnabled":false,"cssSelectorsEnabled":true,"webStorageEnabled":false,"rotatable":false,"acceptSslCerts":false,"nativeEvents":true,"proxy":{"proxyType":"direct"}}
[INFO  - 2017-05-17T09:03:03.585Z] SessionManagerReqHand - _postNewSessionCommand - New Session Created: a274a180-3adf-11e7-9309-e78091a847be
[INFO  - 2017-05-17T09:03:10.963Z] ShutdownReqHand - _handle - About to shutdown
FO  - 2017-05-17T09:03:05.206Z] Session [a36bf9d0-3adf-11e7-9c90-532503c9b61f] - page.settings - {"XSSAuditingEnabled":false,"javascriptCanCloseWindows":true,"javascriptCanOpenWindows":true,"javascriptEnabled":true,"loadImages":true,"localToRemoteUrlAccessEnabled":false,"userAgent":"Mozilla/5.0 (Windows NT 6.1; WOW64) AppleWebKit/538.1 (KHTML, like Gecko) PhantomJS/2.1.1 Safari/538.1","webSecurityEnabled":true}
[INFO  - 2017-05-17T09:03:05.206Z] Session [a36bf9d0-3adf-11e7-9c90-532503c9b61f] - page.customHeaders:  - {}
[INFO  - 2017-05-17T09:03:05.206Z] Session [a36bf9d0-3adf-11e7-9c90-532503c9b61f] - Session.negotiatedCapabilities - {"browserName":"phantomjs","version":"2.1.1","driverName":"ghostdriver","driverVersion":"1.2.0","platform":"windows-7-32bit","javascriptEnabled":true,"takesScreenshot":true,"handlesAlerts":false,"databaseEnabled":false,"locationContextEnabled":false,"applicationCacheEnabled":false,"browserConnectionEnabled":false,"cssSelectorsEnabled":true,"webStorageEnabled":false,"rotatable":false,"acceptSslCerts":false,"nativeEvents":true,"proxy":{"proxyType":"direct"}}
[INFO  - 2017-05-17T09:03:05.207Z] SessionManagerReqHand - _postNewSessionCommand - New Session Created: a36bf9d0-3adf-11e7-9c90-532503c9b61f
[INFO  - 2017-05-17T09:03:16.035Z] ShutdownReqHand - _handle - About to shutdown
